Analysis & Synthesis report for MIPS_Project
Mon Sep 29 19:44:38 2025
Quartus Prime Version 20.1.0 Build 711 06/05/2020 SJ Lite Edition


---------------------
; Table of Contents ;
---------------------
  1. Legal Notice
  2. Analysis & Synthesis Summary
  3. Analysis & Synthesis Settings
  4. Parallel Compilation
  5. Analysis & Synthesis Source Files Read
  6. Analysis & Synthesis Resource Usage Summary
  7. Analysis & Synthesis Resource Utilization by Entity
  8. General Register Statistics
  9. Post-Synthesis Netlist Statistics for Top Partition
 10. Elapsed Time Per Partition
 11. Analysis & Synthesis Messages
 12. Analysis & Synthesis Suppressed Messages



----------------
; Legal Notice ;
----------------
Copyright (C) 2020  Intel Corporation. All rights reserved.
Your use of Intel Corporation's design tools, logic functions 
and other software and tools, and any partner logic 
functions, and any output files from any of the foregoing 
(including device programming or simulation files), and any 
associated documentation or information are expressly subject 
to the terms and conditions of the Intel Program License 
Subscription Agreement, the Intel Quartus Prime License Agreement,
the Intel FPGA IP License Agreement, or other applicable license
agreement, including, without limitation, that your use is for
the sole purpose of programming logic devices manufactured by
Intel and sold by Intel or its authorized distributors.  Please
refer to the applicable agreement for further details, at
https://fpgasoftware.intel.com/eula.



+----------------------------------------------------------------------------------+
; Analysis & Synthesis Summary                                                     ;
+------------------------------------+---------------------------------------------+
; Analysis & Synthesis Status        ; Successful - Mon Sep 29 19:44:38 2025       ;
; Quartus Prime Version              ; 20.1.0 Build 711 06/05/2020 SJ Lite Edition ;
; Revision Name                      ; MIPS_Project                                ;
; Top-level Entity Name              ; half_adder                                  ;
; Family                             ; MAX 10                                      ;
; Total logic elements               ; 2                                           ;
;     Total combinational functions  ; 2                                           ;
;     Dedicated logic registers      ; 0                                           ;
; Total registers                    ; 0                                           ;
; Total pins                         ; 4                                           ;
; Total virtual pins                 ; 0                                           ;
; Total memory bits                  ; 0                                           ;
; Embedded Multiplier 9-bit elements ; 0                                           ;
; Total PLLs                         ; 0                                           ;
; UFM blocks                         ; 0                                           ;
; ADC blocks                         ; 0                                           ;
+------------------------------------+---------------------------------------------+


+------------------------------------------------------------------------------------------------------------+
; Analysis & Synthesis Settings                                                                              ;
+------------------------------------------------------------------+--------------------+--------------------+
; Option                                                           ; Setting            ; Default Value      ;
+------------------------------------------------------------------+--------------------+--------------------+
; Device                                                           ; 10M50DAF484C6GES   ;                    ;
; Top-level entity name                                            ; half_adder         ; MIPS_Project       ;
; Family name                                                      ; MAX 10             ; Cyclone V          ;
; Use smart compilation                                            ; Off                ; Off                ;
; Enable parallel Assembler and Timing Analyzer during compilation ; On                 ; On                 ;
; Enable compact report table                                      ; Off                ; Off                ;
; Restructure Multiplexers                                         ; Auto               ; Auto               ;
; Create Debugging Nodes for IP Cores                              ; Off                ; Off                ;
; Preserve fewer node names                                        ; On                 ; On                 ;
; Intel FPGA IP Evaluation Mode                                    ; Enable             ; Enable             ;
; Verilog Version                                                  ; Verilog_2001       ; Verilog_2001       ;
; VHDL Version                                                     ; VHDL_1993          ; VHDL_1993          ;
; State Machine Processing                                         ; Auto               ; Auto               ;
; Safe State Machine                                               ; Off                ; Off                ;
; Extract Verilog State Machines                                   ; On                 ; On                 ;
; Extract VHDL State Machines                                      ; On                 ; On                 ;
; Ignore Verilog initial constructs                                ; Off                ; Off                ;
; Iteration limit for constant Verilog loops                       ; 5000               ; 5000               ;
; Iteration limit for non-constant Verilog loops                   ; 250                ; 250                ;
; Add Pass-Through Logic to Inferred RAMs                          ; On                 ; On                 ;
; Infer RAMs from Raw Logic                                        ; On                 ; On                 ;
; Parallel Synthesis                                               ; On                 ; On                 ;
; DSP Block Balancing                                              ; Auto               ; Auto               ;
; NOT Gate Push-Back                                               ; On                 ; On                 ;
; Power-Up Don't Care                                              ; On                 ; On                 ;
; Remove Redundant Logic Cells                                     ; Off                ; Off                ;
; Remove Duplicate Registers                                       ; On                 ; On                 ;
; Ignore CARRY Buffers                                             ; Off                ; Off                ;
; Ignore CASCADE Buffers                                           ; Off                ; Off                ;
; Ignore GLOBAL Buffers                                            ; Off                ; Off                ;
; Ignore ROW GLOBAL Buffers                                        ; Off                ; Off                ;
; Ignore LCELL Buffers                                             ; Off                ; Off                ;
; Ignore SOFT Buffers                                              ; On                 ; On                 ;
; Limit AHDL Integers to 32 Bits                                   ; Off                ; Off                ;
; Optimization Technique                                           ; Balanced           ; Balanced           ;
; Carry Chain Length                                               ; 70                 ; 70                 ;
; Auto Carry Chains                                                ; On                 ; On                 ;
; Auto Open-Drain Pins                                             ; On                 ; On                 ;
; Perform WYSIWYG Primitive Resynthesis                            ; Off                ; Off                ;
; Auto ROM Replacement                                             ; On                 ; On                 ;
; Auto RAM Replacement                                             ; On                 ; On                 ;
; Auto DSP Block Replacement                                       ; On                 ; On                 ;
; Auto Shift Register Replacement                                  ; Auto               ; Auto               ;
; Allow Shift Register Merging across Hierarchies                  ; Auto               ; Auto               ;
; Auto Clock Enable Replacement                                    ; On                 ; On                 ;
; Strict RAM Replacement                                           ; Off                ; Off                ;
; Allow Synchronous Control Signals                                ; On                 ; On                 ;
; Force Use of Synchronous Clear Signals                           ; Off                ; Off                ;
; Auto RAM Block Balancing                                         ; On                 ; On                 ;
; Auto RAM to Logic Cell Conversion                                ; Off                ; Off                ;
; Auto Resource Sharing                                            ; Off                ; Off                ;
; Allow Any RAM Size For Recognition                               ; Off                ; Off                ;
; Allow Any ROM Size For Recognition                               ; Off                ; Off                ;
; Allow Any Shift Register Size For Recognition                    ; Off                ; Off                ;
; Use LogicLock Constraints during Resource Balancing              ; On                 ; On                 ;
; Ignore translate_off and synthesis_off directives                ; Off                ; Off                ;
; Timing-Driven Synthesis                                          ; On                 ; On                 ;
; Report Parameter Settings                                        ; On                 ; On                 ;
; Report Source Assignments                                        ; On                 ; On                 ;
; Report Connectivity Checks                                       ; On                 ; On                 ;
; Ignore Maximum Fan-Out Assignments                               ; Off                ; Off                ;
; Synchronization Register Chain Length                            ; 2                  ; 2                  ;
; Power Optimization During Synthesis                              ; Normal compilation ; Normal compilation ;
; HDL message level                                                ; Level2             ; Level2             ;
; Suppress Register Optimization Related Messages                  ; Off                ; Off                ;
; Number of Removed Registers Reported in Synthesis Report         ; 5000               ; 5000               ;
; Number of Swept Nodes Reported in Synthesis Report               ; 5000               ; 5000               ;
; Number of Inverted Registers Reported in Synthesis Report        ; 100                ; 100                ;
; Clock MUX Protection                                             ; On                 ; On                 ;
; Auto Gated Clock Conversion                                      ; Off                ; Off                ;
; Block Design Naming                                              ; Auto               ; Auto               ;
; SDC constraint protection                                        ; Off                ; Off                ;
; Synthesis Effort                                                 ; Auto               ; Auto               ;
; Shift Register Replacement - Allow Asynchronous Clear Signal     ; On                 ; On                 ;
; Pre-Mapping Resynthesis Optimization                             ; Off                ; Off                ;
; Analysis & Synthesis Message Level                               ; Medium             ; Medium             ;
; Disable Register Merging Across Hierarchies                      ; Auto               ; Auto               ;
; Resource Aware Inference For Block RAM                           ; On                 ; On                 ;
+------------------------------------------------------------------+--------------------+--------------------+


+------------------------------------------+
; Parallel Compilation                     ;
+----------------------------+-------------+
; Processors                 ; Number      ;
+----------------------------+-------------+
; Number detected on machine ; 16          ;
; Maximum allowed            ; 16          ;
;                            ;             ;
; Average used               ; 1.00        ;
; Maximum used               ; 1           ;
;                            ;             ;
; Usage by Processor         ; % Time Used ;
;     Processor 1            ; 100.0%      ;
+----------------------------+-------------+


+----------------------------------------------------------------------------------------------------------------------------------------------------------------------+
; Analysis & Synthesis Source Files Read                                                                                                                               ;
+----------------------------------+-----------------+------------------------------+------------------------------------------------------------------------+---------+
; File Name with User-Entered Path ; Used in Netlist ; File Type                    ; File Name with Absolute Path                                           ; Library ;
+----------------------------------+-----------------+------------------------------+------------------------------------------------------------------------+---------+
; half_adder.sv                    ; yes             ; User SystemVerilog HDL File  ; C:/Users/kevin/K_Documents/EEL4712C_Verilog/MIPS_Project/half_adder.sv ;         ;
+----------------------------------+-----------------+------------------------------+------------------------------------------------------------------------+---------+


+-------------------------------------------------------+
; Analysis & Synthesis Resource Usage Summary           ;
+---------------------------------------------+---------+
; Resource                                    ; Usage   ;
+---------------------------------------------+---------+
; Estimated Total logic elements              ; 2       ;
;                                             ;         ;
; Total combinational functions               ; 2       ;
; Logic element usage by number of LUT inputs ;         ;
;     -- 4 input functions                    ; 0       ;
;     -- 3 input functions                    ; 0       ;
;     -- <=2 input functions                  ; 2       ;
;                                             ;         ;
; Logic elements by mode                      ;         ;
;     -- normal mode                          ; 2       ;
;     -- arithmetic mode                      ; 0       ;
;                                             ;         ;
; Total registers                             ; 0       ;
;     -- Dedicated logic registers            ; 0       ;
;     -- I/O registers                        ; 0       ;
;                                             ;         ;
; I/O pins                                    ; 4       ;
;                                             ;         ;
; Embedded Multiplier 9-bit elements          ; 0       ;
;                                             ;         ;
; Maximum fan-out node                        ; a~input ;
; Maximum fan-out                             ; 2       ;
; Total fan-out                               ; 10      ;
; Average fan-out                             ; 1.00    ;
+---------------------------------------------+---------+


+------------------------------------------------------------------------------------------------------------------------------------------------------------------------------------------------------------------------------------+
; Analysis & Synthesis Resource Utilization by Entity                                                                                                                                                                                ;
+----------------------------+---------------------+---------------------------+-------------+------------+--------------+---------+-----------+------+--------------+------------+---------------------+-------------+--------------+
; Compilation Hierarchy Node ; Combinational ALUTs ; Dedicated Logic Registers ; Memory Bits ; UFM Blocks ; DSP Elements ; DSP 9x9 ; DSP 18x18 ; Pins ; Virtual Pins ; ADC blocks ; Full Hierarchy Name ; Entity Name ; Library Name ;
+----------------------------+---------------------+---------------------------+-------------+------------+--------------+---------+-----------+------+--------------+------------+---------------------+-------------+--------------+
; |half_adder                ; 2 (2)               ; 0 (0)                     ; 0           ; 0          ; 0            ; 0       ; 0         ; 4    ; 0            ; 0          ; |half_adder         ; half_adder  ; work         ;
+----------------------------+---------------------+---------------------------+-------------+------------+--------------+---------+-----------+------+--------------+------------+---------------------+-------------+--------------+
Note: For table entries with two numbers listed, the numbers in parentheses indicate the number of resources of the given type used by the specific entity alone. The numbers listed outside of parentheses indicate the total resources of the given type used by the specific entity and all of its sub-entities in the hierarchy.


+------------------------------------------------------+
; General Register Statistics                          ;
+----------------------------------------------+-------+
; Statistic                                    ; Value ;
+----------------------------------------------+-------+
; Total registers                              ; 0     ;
; Number of registers using Synchronous Clear  ; 0     ;
; Number of registers using Synchronous Load   ; 0     ;
; Number of registers using Asynchronous Clear ; 0     ;
; Number of registers using Asynchronous Load  ; 0     ;
; Number of registers using Clock Enable       ; 0     ;
; Number of registers using Preset             ; 0     ;
+----------------------------------------------+-------+


+-----------------------------------------------------+
; Post-Synthesis Netlist Statistics for Top Partition ;
+-----------------------+-----------------------------+
; Type                  ; Count                       ;
+-----------------------+-----------------------------+
; boundary_port         ; 4                           ;
; cycloneiii_lcell_comb ; 2                           ;
;     normal            ; 2                           ;
;         2 data inputs ; 2                           ;
;                       ;                             ;
; Max LUT depth         ; 1.00                        ;
; Average LUT depth     ; 1.00                        ;
+-----------------------+-----------------------------+


+-------------------------------+
; Elapsed Time Per Partition    ;
+----------------+--------------+
; Partition Name ; Elapsed Time ;
+----------------+--------------+
; Top            ; 00:00:00     ;
+----------------+--------------+


+-------------------------------+
; Analysis & Synthesis Messages ;
+-------------------------------+
Info: *******************************************************************
Info: Running Quartus Prime Analysis & Synthesis
    Info: Version 20.1.0 Build 711 06/05/2020 SJ Lite Edition
    Info: Processing started: Mon Sep 29 19:44:19 2025
Info: Command: quartus_map --read_settings_files=on --write_settings_files=off MIPS_Project -c MIPS_Project
Warning (18236): Number of processors has not been specified which may cause overloading on shared machines.  Set the global assignment NUM_PARALLEL_PROCESSORS in your QSF to an appropriate value for best performance.
Info (20030): Parallel compilation is enabled and will use 16 of the 16 processors detected
Info (12021): Found 1 design units, including 1 entities, in source file de10_lite_golden_top.v
    Info (12023): Found entity 1: DE10_LITE_Golden_Top File: C:/Users/kevin/K_Documents/EEL4712C_Verilog/MIPS_Project/DE10_LITE_Golden_Top.v Line: 29
Info (12021): Found 1 design units, including 1 entities, in source file mux2x1.sv
    Info (12023): Found entity 1: mux2x1 File: C:/Users/kevin/K_Documents/EEL4712C_Verilog/MIPS_Project/mux2x1.sv Line: 1
Info (12021): Found 1 design units, including 1 entities, in source file mux4x1.sv
    Info (12023): Found entity 1: mux4x1 File: C:/Users/kevin/K_Documents/EEL4712C_Verilog/MIPS_Project/mux4x1.sv Line: 1
Info (12021): Found 1 design units, including 1 entities, in source file seven_segment_display.sv
    Info (12023): Found entity 1: Seven_Segment_Display File: C:/Users/kevin/K_Documents/EEL4712C_Verilog/MIPS_Project/Seven_Segment_Display.sv Line: 1
Info (12021): Found 1 design units, including 1 entities, in source file reg_noen.sv
    Info (12023): Found entity 1: reg_noEN File: C:/Users/kevin/K_Documents/EEL4712C_Verilog/MIPS_Project/reg_noEN.sv Line: 1
Info (12021): Found 1 design units, including 1 entities, in source file register.sv
    Info (12023): Found entity 1: register File: C:/Users/kevin/K_Documents/EEL4712C_Verilog/MIPS_Project/register.sv Line: 1
Info (12021): Found 1 design units, including 1 entities, in source file sign_extender.sv
    Info (12023): Found entity 1: Sign_Extender File: C:/Users/kevin/K_Documents/EEL4712C_Verilog/MIPS_Project/Sign_Extender.sv Line: 1
Info (12021): Found 1 design units, including 1 entities, in source file alu.sv
    Info (12023): Found entity 1: ALU File: C:/Users/kevin/K_Documents/EEL4712C_Verilog/MIPS_Project/ALU.sv Line: 1
Info (12021): Found 1 design units, including 1 entities, in source file alu_tb.sv
    Info (12023): Found entity 1: ALU_tb File: C:/Users/kevin/K_Documents/EEL4712C_Verilog/MIPS_Project/ALU_tb.sv Line: 3
Info (12021): Found 1 design units, including 1 entities, in source file mips_memory.sv
    Info (12023): Found entity 1: MIPS_Memory File: C:/Users/kevin/K_Documents/EEL4712C_Verilog/MIPS_Project/MIPS_Memory.sv Line: 1
Info (12021): Found 1 design units, including 1 entities, in source file mips_memory_tb.sv
    Info (12023): Found entity 1: MIPS_Memory_tb File: C:/Users/kevin/K_Documents/EEL4712C_Verilog/MIPS_Project/MIPS_Memory_tb.sv Line: 3
Info (12021): Found 1 design units, including 1 entities, in source file registerfile.sv
    Info (12023): Found entity 1: registerfile File: C:/Users/kevin/K_Documents/EEL4712C_Verilog/MIPS_Project/registerfile.sv Line: 1
Info (12021): Found 1 design units, including 1 entities, in source file datapath.sv
    Info (12023): Found entity 1: Datapath File: C:/Users/kevin/K_Documents/EEL4712C_Verilog/MIPS_Project/Datapath.sv Line: 1
Info (12021): Found 1 design units, including 1 entities, in source file alu_controller.sv
    Info (12023): Found entity 1: ALU_controller File: C:/Users/kevin/K_Documents/EEL4712C_Verilog/MIPS_Project/ALU_controller.sv Line: 1
Info (12021): Found 1 design units, including 1 entities, in source file controller.sv
    Info (12023): Found entity 1: Controller File: C:/Users/kevin/K_Documents/EEL4712C_Verilog/MIPS_Project/Controller.sv Line: 1
Info (12021): Found 1 design units, including 1 entities, in source file top_level.sv
    Info (12023): Found entity 1: top_level File: C:/Users/kevin/K_Documents/EEL4712C_Verilog/MIPS_Project/top_level.sv Line: 1
Info (12021): Found 1 design units, including 1 entities, in source file top_level_tb.sv
    Info (12023): Found entity 1: top_level_tb File: C:/Users/kevin/K_Documents/EEL4712C_Verilog/MIPS_Project/top_level_tb.sv Line: 1
Info (12021): Found 1 design units, including 1 entities, in source file top_level_final.sv
    Info (12023): Found entity 1: top_level_final File: C:/Users/kevin/K_Documents/EEL4712C_Verilog/MIPS_Project/top_level_final.sv Line: 1
Info (12021): Found 2 design units, including 1 entities, in source file ram.vhd
    Info (12022): Found design unit 1: ram-SYN File: C:/Users/kevin/K_Documents/EEL4712C_Verilog/MIPS_Project/RAM.vhd Line: 55
    Info (12023): Found entity 1: RAM File: C:/Users/kevin/K_Documents/EEL4712C_Verilog/MIPS_Project/RAM.vhd Line: 43
Info (12021): Found 1 design units, including 1 entities, in source file half_adder.sv
    Info (12023): Found entity 1: half_adder File: C:/Users/kevin/K_Documents/EEL4712C_Verilog/MIPS_Project/half_adder.sv Line: 1
Info (12127): Elaborating entity "half_adder" for the top level hierarchy
Info (286030): Timing-Driven Synthesis is running
Info (144001): Generated suppressed messages file C:/Users/kevin/K_Documents/EEL4712C_Verilog/MIPS_Project/output_files/MIPS_Project.map.smsg
Info (16010): Generating hard_block partition "hard_block:auto_generated_inst"
    Info (16011): Adding 0 node(s), including 0 DDIO, 0 PLL, 0 transceiver and 0 LCELL
Info (21057): Implemented 6 device resources after synthesis - the final resource count might be different
    Info (21058): Implemented 2 input pins
    Info (21059): Implemented 2 output pins
    Info (21061): Implemented 2 logic cells
Info: Quartus Prime Analysis & Synthesis was successful. 0 errors, 1 warning
    Info: Peak virtual memory: 4802 megabytes
    Info: Processing ended: Mon Sep 29 19:44:38 2025
    Info: Elapsed time: 00:00:19
    Info: Total CPU time (on all processors): 00:00:42


+------------------------------------------+
; Analysis & Synthesis Suppressed Messages ;
+------------------------------------------+
The suppressed messages can be found in C:/Users/kevin/K_Documents/EEL4712C_Verilog/MIPS_Project/output_files/MIPS_Project.map.smsg.


